[0m[[0m[0mdebug[0m] [0m[0m> Exec(early(addDefaultCommands), None, None)[0m
[0m[[0m[0mdebug[0m] [0m[0m> Exec(addDefaultCommands, None, None)[0m
[0m[[0m[0mdebug[0m] [0m[0m> Exec(early(initialize), None, None)[0m
[0m[[0m[0mdebug[0m] [0m[0m> Exec(initialize, None, None)[0m
[0m[[0m[0mdebug[0m] [0m[0m> Exec(boot, None, None)[0m
[0m[[0m[0mdebug[0m] [0m[0m> Exec(writeSbtVersion, None, None)[0m
[0m[[0m[0mdebug[0m] [0m[0m> Exec(reload, None, None)[0m
[0m[[0m[0mdebug[0m] [0m[0m> Exec(sbtStashOnFailure, None, None)[0m
[0m[[0m[0mdebug[0m] [0m[0m> Exec(onFailure loadFailed, None, None)[0m
[0m[[0m[0mdebug[0m] [0m[0m> Exec(loadp, None, None)[0m
[0m[[0m[0minfo[0m] [0m[0mwelcome to sbt 1.10.0 (Private Build Java 1.8.0_362)[0m
[0m[[0m[0mdebug[0m] [0m[0mLoad.defaultLoad until apply took 151.371839ms[0m
[0m[[0m[0mdebug[0m] [0m[0m          Load.loadUnit: plugins took 134.943475ms[0m
[0m[[0m[0mdebug[0m] [0m[0m          Load.loadUnit: defsScala took 0.429432ms[0m
[0m[[0m[0mdebug[0m] [0m[0m[Loading] Scanning directory /home/east/prjct/polynote/project[0m
[0m[[0m[0mdebug[0m] [0m[0m            Load.loadUnit: mkEval took 11.971682ms[0m
[0m[[0m[0mdebug[0m] [0m[0m[Loading] Found non-root projects [0m
[0m[[0m[0mdebug[0m] [0m[0m[Loading] Done in /home/east/prjct/polynote/project, returning: ()[0m
[0m[[0m[0mdebug[0m] [0m[0mdeducing auto plugins based on known facts Set(Atom(sbt.plugins.CorePlugin)) and clauses Clauses(Clause(Atom(sbt.plugins.JvmPlugin),Set(Atom(sbt.plugins.IvyPlugin)))[0m
[0m[[0m[0mdebug[0m] [0m[0mClause(Atom(sbt.ScriptedPlugin),Set(Atom(sbt.plugins.JvmPlugin)))[0m
[0m[[0m[0mdebug[0m] [0m[0mClause(Atom(sbt.plugins.SbtPlugin),Set(Atom(sbt.ScriptedPlugin)))[0m
[0m[[0m[0mdebug[0m] [0m[0mClause(Atom(sbt.plugins.SemanticdbPlugin),Set(Atom(sbt.plugins.JvmPlugin)))[0m
[0m[[0m[0mdebug[0m] [0m[0mClause(Atom(sbt.plugins.JUnitXmlReportPlugin),Set(Atom(sbt.plugins.JvmPlugin)))[0m
[0m[[0m[0mdebug[0m] [0m[0mClause(Atom(sbt.plugins.MiniDependencyTreePlugin),Set(Atom(sbt.plugins.JvmPlugin)))[0m
[0m[[0m[0mdebug[0m] [0m[0mClause(Atom(sbt.plugins.CorePlugin),Set(Atom(sbt.plugins.IvyPlugin)))[0m
[0m[[0m[0mdebug[0m] [0m[0mClause(Atom(sbt.plugins.IvyPlugin),Set(Atom(sbt.plugins.JvmPlugin)))[0m
[0m[[0m[0mdebug[0m] [0m[0mClause(Atom(sbt.plugins.JvmPlugin),Set(Atom(sbt.plugins.SemanticdbPlugin)))[0m
[0m[[0m[0mdebug[0m] [0m[0mClause(Atom(sbt.plugins.JvmPlugin),Set(Atom(sbt.plugins.JUnitXmlReportPlugin)))[0m
[0m[[0m[0mdebug[0m] [0m[0mClause(Atom(sbt.plugins.CorePlugin),Set(Atom(sbt.plugins.Giter8TemplatePlugin)))[0m
[0m[[0m[0mdebug[0m] [0m[0mClause(Atom(sbt.plugins.JvmPlugin),Set(Atom(sbt.plugins.MiniDependencyTreePlugin))))[0m
[0m[[0m[0mdebug[0m] [0m[0m  :: deduced result: Matched(sbt.plugins.CorePlugin,sbt.plugins.Giter8TemplatePlugin,sbt.plugins.IvyPlugin,sbt.plugins.JvmPlugin,sbt.plugins.MiniDependencyTreePlugin,sbt.plugins.JUnitXmlReportPlugin,sbt.plugins.SemanticdbPlugin)[0m
[0m[[0m[0mdebug[0m] [0m[0mPlugins.deducer#function took 17.64482 ms[0m
[0m[[0m[0minfo[0m] [0m[0mloading settings for project polynote-build from plugins.sbt ...[0m
[0m[[0m[0mdebug[0m] [0m[0m              Load.resolveProject(polynote-build) took 54.939232ms[0m
[0m[[0m[0mdebug[0m] [0m[0m            Load.loadTransitive: finalizeProject(Project(id polynote-build, base: /home/east/prjct/polynote/project, plugins: List(<none>))) took 104.643705ms[0m
[0m[[0m[0mdebug[0m] [0m[0m[Loading] Done in /home/east/prjct/polynote/project, returning: (polynote-build)[0m
[0m[[0m[0mdebug[0m] [0m[0m          Load.loadUnit: loadedProjectsRaw took 1000.66908ms[0m
[0m[[0m[0mdebug[0m] [0m[0m          Load.loadUnit: cleanEvalClasses took 12.093048ms[0m
[0m[[0m[0mdebug[0m] [0m[0m        Load.loadUnit(file:/home/east/prjct/polynote/project/, ...) took 1155.987891ms[0m
[0m[[0m[0mdebug[0m] [0m[0m      Load.apply: load took 1302.262784ms[0m
[0m[[0m[0mdebug[0m] [0m[0m      Load.apply: resolveProjects took 6.567842ms[0m
[0m[[0m[0mdebug[0m] [0m[0m      Load.apply: finalTransforms took 64.722704ms[0m
[0m[[0m[0mdebug[0m] [0m[0m      Load.apply: config.delegates took 7.768958ms[0m
[0m[[0m[0mdebug[0m] [0m[0m      Load.apply: Def.make(settings)... took 462.844018ms[0m
[0m[[0m[0mdebug[0m] [0m[0m      Load.apply: structureIndex took 125.123478ms[0m
[0m[[0m[0mdebug[0m] [0m[0m      Load.apply: mkStreams took 2.053068ms[0m
[0m[[0m[0minfo[0m] [0m[0mloading project definition from /home/east/prjct/polynote/project[0m
[0m[[0m[0mdebug[0m] [0m[0mRunning task... Cancel: Signal, check cycles: false, forcegc: true[0m
[0m[[0m[0mdebug[0m] [0m[0m    Load.loadUnit: plugins took 3676.614948ms[0m
[0m[[0m[0mdebug[0m] [0m[0m    Load.loadUnit: defsScala took 0.006498ms[0m
[0m[[0m[0mdebug[0m] [0m[0m[Loading] Scanning directory /home/east/prjct/polynote[0m
[0m[[0m[0mdebug[0m] [0m[0m      Load.loadUnit: mkEval took 0.824794ms[0m
[0m[[0m[0mdebug[0m] [0m[0m[Loading] Found root project polynote w/ remaining polynote-macros,polynote-runtime,polynote-spark-runtime,polynote-spark,polynote-env,polynote-kernel,polynote-server[0m
[0m[[0m[0mdebug[0m] [0m[0mdeducing auto plugins based on known facts Set(Atom(sbt.plugins.CorePlugin)) and clauses Clauses(Clause(Atom(sbt.plugins.JvmPlugin),Set(Atom(sbt.plugins.IvyPlugin)))[0m
[0m[[0m[0mdebug[0m] [0m[0mClause(Atom(sbt.ScriptedPlugin),Set(Atom(sbt.plugins.JvmPlugin)))[0m
[0m[[0m[0mdebug[0m] [0m[0mClause(Atom(sbt.plugins.SbtPlugin),Set(Atom(sbt.ScriptedPlugin)))[0m
[0m[[0m[0mdebug[0m] [0m[0mClause(Atom(sbt.plugins.SemanticdbPlugin),Set(Atom(sbt.plugins.JvmPlugin)))[0m
[0m[[0m[0mdebug[0m] [0m[0mClause(Atom(sbt.plugins.JUnitXmlReportPlugin),Set(Atom(sbt.plugins.JvmPlugin)))[0m
[0m[[0m[0mdebug[0m] [0m[0mClause(Atom(sbt.plugins.MiniDependencyTreePlugin),Set(Atom(sbt.plugins.JvmPlugin)))[0m
[0m[[0m[0mdebug[0m] [0m[0mClause(Atom(sbtassembly.AssemblyPlugin),Set(Atom(sbt.plugins.JvmPlugin)))[0m
[0m[[0m[0mdebug[0m] [0m[0mClause(Atom(sbtbuildinfo.BuildInfoPlugin),Set(Atom(sbt.plugins.JvmPlugin)))[0m
[0m[[0m[0mdebug[0m] [0m[0mClause(Atom(com.typesafe.sbt.GitBranchPrompt),Set(Atom(com.typesafe.sbt.GitPlugin)))[0m
[0m[[0m[0mdebug[0m] [0m[0mClause(Atom(com.typesafe.sbt.GitVersioning),Set(Atom(sbt.plugins.IvyPlugin)))[0m
[0m[[0m[0mdebug[0m] [0m[0mClause(Atom(com.typesafe.sbt.GitVersioning),Set(Atom(com.typesafe.sbt.GitPlugin)))[0m
[0m[[0m[0mdebug[0m] [0m[0mClause(Atom(scoverage.ScoverageSbtPlugin),Set(Atom(sbt.plugins.JvmPlugin)))[0m
[0m[[0m[0mdebug[0m] [0m[0mClause(Atom(xerial.sbt.Sonatype),Set(Atom(sbt.plugins.JvmPlugin)))[0m
[0m[[0m[0mdebug[0m] [0m[0mClause(Atom(com.jsuereth.sbtpgp.SbtPgp),Set(Atom(sbt.plugins.IvyPlugin)))[0m
[0m[[0m[0mdebug[0m] [0m[0mClause(Atom(sbtmavenresolver.MavenResolverPlugin),Set(Atom(sbt.plugins.IvyPlugin)))[0m
[0m[[0m[0mdebug[0m] [0m[0mClause(Atom(sbt.plugins.CorePlugin),Set(Atom(sbt.plugins.IvyPlugin)))[0m
[0m[[0m[0mdebug[0m] [0m[0mClause(Atom(sbt.plugins.IvyPlugin),Set(Atom(sbt.plugins.JvmPlugin)))[0m
[0m[[0m[0mdebug[0m] [0m[0mClause(Atom(sbt.plugins.JvmPlugin),Set(Atom(sbt.plugins.SemanticdbPlugin)))[0m
[0m[[0m[0mdebug[0m] [0m[0mClause(Atom(sbt.plugins.JvmPlugin),Set(Atom(sbt.plugins.JUnitXmlReportPlugin)))[0m
[0m[[0m[0mdebug[0m] [0m[0mClause(Atom(sbt.plugins.CorePlugin),Set(Atom(sbt.plugins.Giter8TemplatePlugin)))[0m
[0m[[0m[0mdebug[0m] [0m[0mClause(Atom(sbt.plugins.JvmPlugin),Set(Atom(sbt.plugins.MiniDependencyTreePlugin)))[0m
[0m[[0m[0mdebug[0m] [0m[0mClause(Atom(sbt.plugins.JvmPlugin),Set(Atom(sbtassembly.AssemblyPlugin)))[0m
[0m[[0m[0mdebug[0m] [0m[0mClause(Atom(sbt.plugins.CorePlugin),Set(Atom(com.typesafe.sbt.GitPlugin)))[0m
[0m[[0m[0mdebug[0m] [0m[0mClause(Atom(sbt.plugins.JvmPlugin),Set(Atom(scoverage.ScoverageSbtPlugin)))[0m
[0m[[0m[0mdebug[0m] [0m[0mClause(Atom(sbt.plugins.JvmPlugin),Set(Atom(xerial.sbt.Sonatype)))[0m
[0m[[0m[0mdebug[0m] [0m[0mClause(Atom(sbt.plugins.IvyPlugin),Set(Atom(com.jsuereth.sbtpgp.SbtPgp)))[0m
[0m[[0m[0mdebug[0m] [0m[0mClause(Atom(sbt.plugins.IvyPlugin),Set(Atom(sbtmavenresolver.MavenResolverPlugin))))[0m
[0m[[0m[0mdebug[0m] [0m[0m  :: deduced result: Matched(sbt.plugins.CorePlugin,com.typesafe.sbt.GitPlugin,sbt.plugins.Giter8TemplatePlugin,sbt.plugins.IvyPlugin,sbtmavenresolver.MavenResolverPlugin,com.jsuereth.sbtpgp.SbtPgp,sbt.plugins.JvmPlugin,scoverage.ScoverageSbtPlugin,sbt.plugins.SemanticdbPlugin,sbt.plugins.JUnitXmlReportPlugin,sbtassembly.AssemblyPlugin,xerial.sbt.Sonatype,sbt.plugins.MiniDependencyTreePlugin)[0m
[0m[[0m[0mdebug[0m] [0m[0mPlugins.deducer#function took 6.557967 ms[0m
[0m[[0m[0minfo[0m] [0m[0mloading settings for project polynote from build.sbt ...[0m
[0m[[0m[0mdebug[0m] [0m[0m        Load.resolveProject(polynote) took 20.652644ms[0m
[0m[[0m[0mdebug[0m] [0m[0m      Load.loadTransitive: finalizeProject(Project(id polynote, base: /home/east/prjct/polynote, aggregate: List(LocalProject(polynote-env), LocalProject(polynote-runtime), LocalProject(polynote-spark-runtime), LocalProject(polynote-kernel), LocalProject(polynote-server), LocalProject(polynote-spark)), plugins: List(<none>))) took 29.320191ms[0m
[0m[[0m[0mdebug[0m] [0m[0m[Loading] Loading project polynote-macros @ /home/east/prjct/polynote/polynote-macros[0m
[0m[[0m[0mdebug[0m] [0m[0mdeducing auto plugins based on known facts Set(Atom(sbt.plugins.CorePlugin)) and clauses Clauses(Clause(Atom(sbt.plugins.JvmPlugin),Set(Atom(sbt.plugins.IvyPlugin)))[0m
[0m[[0m[0mdebug[0m] [0m[0mClause(Atom(sbt.ScriptedPlugin),Set(Atom(sbt.plugins.JvmPlugin)))[0m
[0m[[0m[0mdebug[0m] [0m[0mClause(Atom(sbt.plugins.SbtPlugin),Set(Atom(sbt.ScriptedPlugin)))[0m
[0m[[0m[0mdebug[0m] [0m[0mClause(Atom(sbt.plugins.SemanticdbPlugin),Set(Atom(sbt.plugins.JvmPlugin)))[0m
[0m[[0m[0mdebug[0m] [0m[0mClause(Atom(sbt.plugins.JUnitXmlReportPlugin),Set(Atom(sbt.plugins.JvmPlugin)))[0m
[0m[[0m[0mdebug[0m] [0m[0mClause(Atom(sbt.plugins.MiniDependencyTreePlugin),Set(Atom(sbt.plugins.JvmPlugin)))[0m
[0m[[0m[0mdebug[0m] [0m[0mClause(Atom(sbtassembly.AssemblyPlugin),Set(Atom(sbt.plugins.JvmPlugin)))[0m
[0m[[0m[0mdebug[0m] [0m[0mClause(Atom(sbtbuildinfo.BuildInfoPlugin),Set(Atom(sbt.plugins.JvmPlugin)))[0m
[0m[[0m[0mdebug[0m] [0m[0mClause(Atom(com.typesafe.sbt.GitBranchPrompt),Set(Atom(com.typesafe.sbt.GitPlugin)))[0m
[0m[[0m[0mdebug[0m] [0m[0mClause(Atom(com.typesafe.sbt.GitVersioning),Set(Atom(sbt.plugins.IvyPlugin)))[0m
[0m[[0m[0mdebug[0m] [0m[0mClause(Atom(com.typesafe.sbt.GitVersioning),Set(Atom(com.typesafe.sbt.GitPlugin)))[0m
[0m[[0m[0mdebug[0m] [0m[0mClause(Atom(scoverage.ScoverageSbtPlugin),Set(Atom(sbt.plugins.JvmPlugin)))[0m
[0m[[0m[0mdebug[0m] [0m[0mClause(Atom(xerial.sbt.Sonatype),Set(Atom(sbt.plugins.JvmPlugin)))[0m
[0m[[0m[0mdebug[0m] [0m[0mClause(Atom(com.jsuereth.sbtpgp.SbtPgp),Set(Atom(sbt.plugins.IvyPlugin)))[0m
[0m[[0m[0mdebug[0m] [0m[0mClause(Atom(sbtmavenresolver.MavenResolverPlugin),Set(Atom(sbt.plugins.IvyPlugin)))[0m
[0m[[0m[0mdebug[0m] [0m[0mClause(Atom(sbt.plugins.CorePlugin),Set(Atom(sbt.plugins.IvyPlugin)))[0m
[0m[[0m[0mdebug[0m] [0m[0mClause(Atom(sbt.plugins.IvyPlugin),Set(Atom(sbt.plugins.JvmPlugin)))[0m
[0m[[0m[0mdebug[0m] [0m[0mClause(Atom(sbt.plugins.JvmPlugin),Set(Atom(sbt.plugins.SemanticdbPlugin)))[0m
[0m[[0m[0mdebug[0m] [0m[0mClause(Atom(sbt.plugins.JvmPlugin),Set(Atom(sbt.plugins.JUnitXmlReportPlugin)))[0m
[0m[[0m[0mdebug[0m] [0m[0mClause(Atom(sbt.plugins.CorePlugin),Set(Atom(sbt.plugins.Giter8TemplatePlugin)))[0m
[0m[[0m[0mdebug[0m] [0m[0mClause(Atom(sbt.plugins.JvmPlugin),Set(Atom(sbt.plugins.MiniDependencyTreePlugin)))[0m
[0m[[0m[0mdebug[0m] [0m[0mClause(Atom(sbt.plugins.JvmPlugin),Set(Atom(sbtassembly.AssemblyPlugin)))[0m
[0m[[0m[0mdebug[0m] [0m[0mClause(Atom(sbt.plugins.CorePlugin),Set(Atom(com.typesafe.sbt.GitPlugin)))[0m
[0m[[0m[0mdebug[0m] [0m[0mClause(Atom(sbt.plugins.JvmPlugin),Set(Atom(scoverage.ScoverageSbtPlugin)))[0m
[0m[[0m[0mdebug[0m] [0m[0mClause(Atom(sbt.plugins.JvmPlugin),Set(Atom(xerial.sbt.Sonatype)))[0m
[0m[[0m[0mdebug[0m] [0m[0mClause(Atom(sbt.plugins.IvyPlugin),Set(Atom(com.jsuereth.sbtpgp.SbtPgp)))[0m
[0m[[0m[0mdebug[0m] [0m[0mClause(Atom(sbt.plugins.IvyPlugin),Set(Atom(sbtmavenresolver.MavenResolverPlugin))))[0m
[0m[[0m[0mdebug[0m] [0m[0m  :: deduced result: Matched(sbt.plugins.CorePlugin,com.typesafe.sbt.GitPlugin,sbt.plugins.Giter8TemplatePlugin,sbt.plugins.IvyPlugin,sbtmavenresolver.MavenResolverPlugin,com.jsuereth.sbtpgp.SbtPgp,sbt.plugins.JvmPlugin,scoverage.ScoverageSbtPlugin,sbt.plugins.SemanticdbPlugin,sbt.plugins.JUnitXmlReportPlugin,sbtassembly.AssemblyPlugin,xerial.sbt.Sonatype,sbt.plugins.MiniDependencyTreePlugin)[0m
[0m[[0m[0mdebug[0m] [0m[0mPlugins.deducer#function took 4.333759 ms[0m
[0m[[0m[0mdebug[0m] [0m[0m      Load.resolveProject(polynote-macros) took 1.865786ms[0m
[0m[[0m[0mdebug[0m] [0m[0m[Loading] Loading project polynote-runtime @ /home/east/prjct/polynote/polynote-runtime[0m
[0m[[0m[0mdebug[0m] [0m[0mdeducing auto plugins based on known facts Set(Atom(sbtbuildinfo.BuildInfoPlugin), Atom(sbt.plugins.CorePlugin)) and clauses Clauses(Clause(Atom(sbt.plugins.JvmPlugin),Set(Atom(sbt.plugins.IvyPlugin)))[0m
[0m[[0m[0mdebug[0m] [0m[0mClause(Atom(sbt.ScriptedPlugin),Set(Atom(sbt.plugins.JvmPlugin)))[0m
[0m[[0m[0mdebug[0m] [0m[0mClause(Atom(sbt.plugins.SbtPlugin),Set(Atom(sbt.ScriptedPlugin)))[0m
[0m[[0m[0mdebug[0m] [0m[0mClause(Atom(sbt.plugins.SemanticdbPlugin),Set(Atom(sbt.plugins.JvmPlugin)))[0m
[0m[[0m[0mdebug[0m] [0m[0mClause(Atom(sbt.plugins.JUnitXmlReportPlugin),Set(Atom(sbt.plugins.JvmPlugin)))[0m
[0m[[0m[0mdebug[0m] [0m[0mClause(Atom(sbt.plugins.MiniDependencyTreePlugin),Set(Atom(sbt.plugins.JvmPlugin)))[0m
[0m[[0m[0mdebug[0m] [0m[0mClause(Atom(sbtassembly.AssemblyPlugin),Set(Atom(sbt.plugins.JvmPlugin)))[0m
[0m[[0m[0mdebug[0m] [0m[0mClause(Atom(sbtbuildinfo.BuildInfoPlugin),Set(Atom(sbt.plugins.JvmPlugin)))[0m
[0m[[0m[0mdebug[0m] [0m[0mClause(Atom(com.typesafe.sbt.GitBranchPrompt),Set(Atom(com.typesafe.sbt.GitPlugin)))[0m
[0m[[0m[0mdebug[0m] [0m[0mClause(Atom(com.typesafe.sbt.GitVersioning),Set(Atom(sbt.plugins.IvyPlugin)))[0m
[0m[[0m[0mdebug[0m] [0m[0mClause(Atom(com.typesafe.sbt.GitVersioning),Set(Atom(com.typesafe.sbt.GitPlugin)))[0m
[0m[[0m[0mdebug[0m] [0m[0mClause(Atom(scoverage.ScoverageSbtPlugin),Set(Atom(sbt.plugins.JvmPlugin)))[0m
[0m[[0m[0mdebug[0m] [0m[0mClause(Atom(xerial.sbt.Sonatype),Set(Atom(sbt.plugins.JvmPlugin)))[0m
[0m[[0m[0mdebug[0m] [0m[0mClause(Atom(com.jsuereth.sbtpgp.SbtPgp),Set(Atom(sbt.plugins.IvyPlugin)))[0m
[0m[[0m[0mdebug[0m] [0m[0mClause(Atom(sbtmavenresolver.MavenResolverPlugin),Set(Atom(sbt.plugins.IvyPlugin)))[0m
[0m[[0m[0mdebug[0m] [0m[0mClause(Atom(sbt.plugins.CorePlugin),Set(Atom(sbt.plugins.IvyPlugin)))[0m
[0m[[0m[0mdebug[0m] [0m[0mClause(Atom(sbt.plugins.IvyPlugin),Set(Atom(sbt.plugins.JvmPlugin)))[0m
[0m[[0m[0mdebug[0m] [0m[0mClause(Atom(sbt.plugins.JvmPlugin),Set(Atom(sbt.plugins.SemanticdbPlugin)))[0m
[0m[[0m[0mdebug[0m] [0m[0mClause(Atom(sbt.plugins.JvmPlugin),Set(Atom(sbt.plugins.JUnitXmlReportPlugin)))[0m
[0m[[0m[0mdebug[0m] [0m[0mClause(Atom(sbt.plugins.CorePlugin),Set(Atom(sbt.plugins.Giter8TemplatePlugin)))[0m
[0m[[0m[0mdebug[0m] [0m[0mClause(Atom(sbt.plugins.JvmPlugin),Set(Atom(sbt.plugins.MiniDependencyTreePlugin)))[0m
[0m[[0m[0mdebug[0m] [0m[0mClause(Atom(sbt.plugins.JvmPlugin),Set(Atom(sbtassembly.AssemblyPlugin)))[0m
[0m[[0m[0mdebug[0m] [0m[0mClause(Atom(sbt.plugins.CorePlugin),Set(Atom(com.typesafe.sbt.GitPlugin)))[0m
[0m[[0m[0mdebug[0m] [0m[0mClause(Atom(sbt.plugins.JvmPlugin),Set(Atom(scoverage.ScoverageSbtPlugin)))[0m
[0m[[0m[0mdebug[0m] [0m[0mClause(Atom(sbt.plugins.JvmPlugin),Set(Atom(xerial.sbt.Sonatype)))[0m
[0m[[0m[0mdebug[0m] [0m[0mClause(Atom(sbt.plugins.IvyPlugin),Set(Atom(com.jsuereth.sbtpgp.SbtPgp)))[0m
[0m[[0m[0mdebug[0m] [0m[0mClause(Atom(sbt.plugins.IvyPlugin),Set(Atom(sbtmavenresolver.MavenResolverPlugin))))[0m
[0m[[0m[0mdebug[0m] [0m[0m  :: deduced result: Matched(sbt.plugins.CorePlugin,sbtbuildinfo.BuildInfoPlugin,com.typesafe.sbt.GitPlugin,sbt.plugins.Giter8TemplatePlugin,sbt.plugins.IvyPlugin,sbt.plugins.JvmPlugin,scoverage.ScoverageSbtPlugin,sbtmavenresolver.MavenResolverPlugin,sbt.plugins.SemanticdbPlugin,sbt.plugins.JUnitXmlReportPlugin,sbtassembly.AssemblyPlugin,xerial.sbt.Sonatype,com.jsuereth.sbtpgp.SbtPgp,sbt.plugins.MiniDependencyTreePlugin)[0m
[0m[[0m[0mdebug[0m] [0m[0mPlugins.deducer#function took 4.180407 ms[0m
[0m[[0m[0mdebug[0m] [0m[0m      Load.resolveProject(polynote-runtime) took 14.447571ms[0m
[0m[[0m[0mdebug[0m] [0m[0m[Loading] Loading project polynote-spark-runtime @ /home/east/prjct/polynote/polynote-spark-runtime[0m
[0m[[0m[0mdebug[0m] [0m[0mdeducing auto plugins based on known facts Set(Atom(sbt.plugins.CorePlugin)) and clauses Clauses(Clause(Atom(sbt.plugins.JvmPlugin),Set(Atom(sbt.plugins.IvyPlugin)))[0m
[0m[[0m[0mdebug[0m] [0m[0mClause(Atom(sbt.ScriptedPlugin),Set(Atom(sbt.plugins.JvmPlugin)))[0m
[0m[[0m[0mdebug[0m] [0m[0mClause(Atom(sbt.plugins.SbtPlugin),Set(Atom(sbt.ScriptedPlugin)))[0m
[0m[[0m[0mdebug[0m] [0m[0mClause(Atom(sbt.plugins.SemanticdbPlugin),Set(Atom(sbt.plugins.JvmPlugin)))[0m
[0m[[0m[0mdebug[0m] [0m[0mClause(Atom(sbt.plugins.JUnitXmlReportPlugin),Set(Atom(sbt.plugins.JvmPlugin)))[0m
[0m[[0m[0mdebug[0m] [0m[0mClause(Atom(sbt.plugins.MiniDependencyTreePlugin),Set(Atom(sbt.plugins.JvmPlugin)))[0m
[0m[[0m[0mdebug[0m] [0m[0mClause(Atom(sbtassembly.AssemblyPlugin),Set(Atom(sbt.plugins.JvmPlugin)))[0m
[0m[[0m[0mdebug[0m] [0m[0mClause(Atom(sbtbuildinfo.BuildInfoPlugin),Set(Atom(sbt.plugins.JvmPlugin)))[0m
[0m[[0m[0mdebug[0m] [0m[0mClause(Atom(com.typesafe.sbt.GitBranchPrompt),Set(Atom(com.typesafe.sbt.GitPlugin)))[0m
[0m[[0m[0mdebug[0m] [0m[0mClause(Atom(com.typesafe.sbt.GitVersioning),Set(Atom(sbt.plugins.IvyPlugin)))[0m
[0m[[0m[0mdebug[0m] [0m[0mClause(Atom(com.typesafe.sbt.GitVersioning),Set(Atom(com.typesafe.sbt.GitPlugin)))[0m
[0m[[0m[0mdebug[0m] [0m[0mClause(Atom(scoverage.ScoverageSbtPlugin),Set(Atom(sbt.plugins.JvmPlugin)))[0m
[0m[[0m[0mdebug[0m] [0m[0mClause(Atom(xerial.sbt.Sonatype),Set(Atom(sbt.plugins.JvmPlugin)))[0m
[0m[[0m[0mdebug[0m] [0m[0mClause(Atom(com.jsuereth.sbtpgp.SbtPgp),Set(Atom(sbt.plugins.IvyPlugin)))[0m
[0m[[0m[0mdebug[0m] [0m[0mClause(Atom(sbtmavenresolver.MavenResolverPlugin),Set(Atom(sbt.plugins.IvyPlugin)))[0m
[0m[[0m[0mdebug[0m] [0m[0mClause(Atom(sbt.plugins.CorePlugin),Set(Atom(sbt.plugins.IvyPlugin)))[0m
[0m[[0m[0mdebug[0m] [0m[0mClause(Atom(sbt.plugins.IvyPlugin),Set(Atom(sbt.plugins.JvmPlugin)))[0m
[0m[[0m[0mdebug[0m] [0m[0mClause(Atom(sbt.plugins.JvmPlugin),Set(Atom(sbt.plugins.SemanticdbPlugin)))[0m
[0m[[0m[0mdebug[0m] [0m[0mClause(Atom(sbt.plugins.JvmPlugin),Set(Atom(sbt.plugins.JUnitXmlReportPlugin)))[0m
[0m[[0m[0mdebug[0m] [0m[0mClause(Atom(sbt.plugins.CorePlugin),Set(Atom(sbt.plugins.Giter8TemplatePlugin)))[0m
[0m[[0m[0mdebug[0m] [0m[0mClause(Atom(sbt.plugins.JvmPlugin),Set(Atom(sbt.plugins.MiniDependencyTreePlugin)))[0m
[0m[[0m[0mdebug[0m] [0m[0mClause(Atom(sbt.plugins.JvmPlugin),Set(Atom(sbtassembly.AssemblyPlugin)))[0m
[0m[[0m[0mdebug[0m] [0m[0mClause(Atom(sbt.plugins.CorePlugin),Set(Atom(com.typesafe.sbt.GitPlugin)))[0m
[0m[[0m[0mdebug[0m] [0m[0mClause(Atom(sbt.plugins.JvmPlugin),Set(Atom(scoverage.ScoverageSbtPlugin)))[0m
[0m[[0m[0mdebug[0m] [0m[0mClause(Atom(sbt.plugins.JvmPlugin),Set(Atom(xerial.sbt.Sonatype)))[0m
[0m[[0m[0mdebug[0m] [0m[0mClause(Atom(sbt.plugins.IvyPlugin),Set(Atom(com.jsuereth.sbtpgp.SbtPgp)))[0m
[0m[[0m[0mdebug[0m] [0m[0mClause(Atom(sbt.plugins.IvyPlugin),Set(Atom(sbtmavenresolver.MavenResolverPlugin))))[0m
[0m[[0m[0mdebug[0m] [0m[0m  :: deduced result: Matched(sbt.plugins.CorePlugin,com.typesafe.sbt.GitPlugin,sbt.plugins.Giter8TemplatePlugin,sbt.plugins.IvyPlugin,sbtmavenresolver.MavenResolverPlugin,com.jsuereth.sbtpgp.SbtPgp,sbt.plugins.JvmPlugin,scoverage.ScoverageSbtPlugin,sbt.plugins.SemanticdbPlugin,sbt.plugins.JUnitXmlReportPlugin,sbtassembly.AssemblyPlugin,xerial.sbt.Sonatype,sbt.plugins.MiniDependencyTreePlugin)[0m
[0m[[0m[0mdebug[0m] [0m[0mPlugins.deducer#function took 3.227649 ms[0m
[0m[[0m[0mdebug[0m] [0m[0m      Load.resolveProject(polynote-spark-runtime) took 1.782257ms[0m
[0m[[0m[0mdebug[0m] [0m[0m[Loading] Loading project polynote-spark @ /home/east/prjct/polynote/polynote-spark[0m
[0m[[0m[0mdebug[0m] [0m[0mdeducing auto plugins based on known facts Set(Atom(sbt.plugins.CorePlugin)) and clauses Clauses(Clause(Atom(sbt.plugins.JvmPlugin),Set(Atom(sbt.plugins.IvyPlugin)))[0m
[0m[[0m[0mdebug[0m] [0m[0mClause(Atom(sbt.ScriptedPlugin),Set(Atom(sbt.plugins.JvmPlugin)))[0m
[0m[[0m[0mdebug[0m] [0m[0mClause(Atom(sbt.plugins.SbtPlugin),Set(Atom(sbt.ScriptedPlugin)))[0m
[0m[[0m[0mdebug[0m] [0m[0mClause(Atom(sbt.plugins.SemanticdbPlugin),Set(Atom(sbt.plugins.JvmPlugin)))[0m
[0m[[0m[0mdebug[0m] [0m[0mClause(Atom(sbt.plugins.JUnitXmlReportPlugin),Set(Atom(sbt.plugins.JvmPlugin)))[0m
[0m[[0m[0mdebug[0m] [0m[0mClause(Atom(sbt.plugins.MiniDependencyTreePlugin),Set(Atom(sbt.plugins.JvmPlugin)))[0m
[0m[[0m[0mdebug[0m] [0m[0mClause(Atom(sbtassembly.AssemblyPlugin),Set(Atom(sbt.plugins.JvmPlugin)))[0m
[0m[[0m[0mdebug[0m] [0m[0mClause(Atom(sbtbuildinfo.BuildInfoPlugin),Set(Atom(sbt.plugins.JvmPlugin)))[0m
[0m[[0m[0mdebug[0m] [0m[0mClause(Atom(com.typesafe.sbt.GitBranchPrompt),Set(Atom(com.typesafe.sbt.GitPlugin)))[0m
[0m[[0m[0mdebug[0m] [0m[0mClause(Atom(com.typesafe.sbt.GitVersioning),Set(Atom(sbt.plugins.IvyPlugin)))[0m
[0m[[0m[0mdebug[0m] [0m[0mClause(Atom(com.typesafe.sbt.GitVersioning),Set(Atom(com.typesafe.sbt.GitPlugin)))[0m
[0m[[0m[0mdebug[0m] [0m[0mClause(Atom(scoverage.ScoverageSbtPlugin),Set(Atom(sbt.plugins.JvmPlugin)))[0m
[0m[[0m[0mdebug[0m] [0m[0mClause(Atom(xerial.sbt.Sonatype),Set(Atom(sbt.plugins.JvmPlugin)))[0m
[0m[[0m[0mdebug[0m] [0m[0mClause(Atom(com.jsuereth.sbtpgp.SbtPgp),Set(Atom(sbt.plugins.IvyPlugin)))[0m
[0m[[0m[0mdebug[0m] [0m[0mClause(Atom(sbtmavenresolver.MavenResolverPlugin),Set(Atom(sbt.plugins.IvyPlugin)))[0m
[0m[[0m[0mdebug[0m] [0m[0mClause(Atom(sbt.plugins.CorePlugin),Set(Atom(sbt.plugins.IvyPlugin)))[0m
[0m[[0m[0mdebug[0m] [0m[0mClause(Atom(sbt.plugins.IvyPlugin),Set(Atom(sbt.plugins.JvmPlugin)))[0m
[0m[[0m[0mdebug[0m] [0m[0mClause(Atom(sbt.plugins.JvmPlugin),Set(Atom(sbt.plugins.SemanticdbPlugin)))[0m
[0m[[0m[0mdebug[0m] [0m[0mClause(Atom(sbt.plugins.JvmPlugin),Set(Atom(sbt.plugins.JUnitXmlReportPlugin)))[0m
[0m[[0m[0mdebug[0m] [0m[0mClause(Atom(sbt.plugins.CorePlugin),Set(Atom(sbt.plugins.Giter8TemplatePlugin)))[0m
[0m[[0m[0mdebug[0m] [0m[0mClause(Atom(sbt.plugins.JvmPlugin),Set(Atom(sbt.plugins.MiniDependencyTreePlugin)))[0m
[0m[[0m[0mdebug[0m] [0m[0mClause(Atom(sbt.plugins.JvmPlugin),Set(Atom(sbtassembly.AssemblyPlugin)))[0m
[0m[[0m[0mdebug[0m] [0m[0mClause(Atom(sbt.plugins.CorePlugin),Set(Atom(com.typesafe.sbt.GitPlugin)))[0m
[0m[[0m[0mdebug[0m] [0m[0mClause(Atom(sbt.plugins.JvmPlugin),Set(Atom(scoverage.ScoverageSbtPlugin)))[0m
[0m[[0m[0mdebug[0m] [0m[0mClause(Atom(sbt.plugins.JvmPlugin),Set(Atom(xerial.sbt.Sonatype)))[0m
[0m[[0m[0mdebug[0m] [0m[0mClause(Atom(sbt.plugins.IvyPlugin),Set(Atom(com.jsuereth.sbtpgp.SbtPgp)))[0m
[0m[[0m[0mdebug[0m] [0m[0mClause(Atom(sbt.plugins.IvyPlugin),Set(Atom(sbtmavenresolver.MavenResolverPlugin))))[0m
[0m[[0m[0mdebug[0m] [0m[0m  :: deduced result: Matched(sbt.plugins.CorePlugin,com.typesafe.sbt.GitPlugin,sbt.plugins.Giter8TemplatePlugin,sbt.plugins.IvyPlugin,sbtmavenresolver.MavenResolverPlugin,com.jsuereth.sbtpgp.SbtPgp,sbt.plugins.JvmPlugin,scoverage.ScoverageSbtPlugin,sbt.plugins.SemanticdbPlugin,sbt.plugins.JUnitXmlReportPlugin,sbtassembly.AssemblyPlugin,xerial.sbt.Sonatype,sbt.plugins.MiniDependencyTreePlugin)[0m
[0m[[0m[0mdebug[0m] [0m[0mPlugins.deducer#function took 3.648447 ms[0m
[0m[[0m[0mdebug[0m] [0m[0m      Load.resolveProject(polynote-spark) took 1.636334ms[0m
[0m[[0m[0mdebug[0m] [0m[0m[Loading] Loading project polynote-env @ /home/east/prjct/polynote/polynote-env[0m
[0m[[0m[0mdebug[0m] [0m[0mdeducing auto plugins based on known facts Set(Atom(sbt.plugins.CorePlugin)) and clauses Clauses(Clause(Atom(sbt.plugins.JvmPlugin),Set(Atom(sbt.plugins.IvyPlugin)))[0m
[0m[[0m[0mdebug[0m] [0m[0mClause(Atom(sbt.ScriptedPlugin),Set(Atom(sbt.plugins.JvmPlugin)))[0m
[0m[[0m[0mdebug[0m] [0m[0mClause(Atom(sbt.plugins.SbtPlugin),Set(Atom(sbt.ScriptedPlugin)))[0m
[0m[[0m[0mdebug[0m] [0m[0mClause(Atom(sbt.plugins.SemanticdbPlugin),Set(Atom(sbt.plugins.JvmPlugin)))[0m
[0m[[0m[0mdebug[0m] [0m[0mClause(Atom(sbt.plugins.JUnitXmlReportPlugin),Set(Atom(sbt.plugins.JvmPlugin)))[0m
[0m[[0m[0mdebug[0m] [0m[0mClause(Atom(sbt.plugins.MiniDependencyTreePlugin),Set(Atom(sbt.plugins.JvmPlugin)))[0m
[0m[[0m[0mdebug[0m] [0m[0mClause(Atom(sbtassembly.AssemblyPlugin),Set(Atom(sbt.plugins.JvmPlugin)))[0m
[0m[[0m[0mdebug[0m] [0m[0mClause(Atom(sbtbuildinfo.BuildInfoPlugin),Set(Atom(sbt.plugins.JvmPlugin)))[0m
[0m[[0m[0mdebug[0m] [0m[0mClause(Atom(com.typesafe.sbt.GitBranchPrompt),Set(Atom(com.typesafe.sbt.GitPlugin)))[0m
[0m[[0m[0mdebug[0m] [0m[0mClause(Atom(com.typesafe.sbt.GitVersioning),Set(Atom(sbt.plugins.IvyPlugin)))[0m
[0m[[0m[0mdebug[0m] [0m[0mClause(Atom(com.typesafe.sbt.GitVersioning),Set(Atom(com.typesafe.sbt.GitPlugin)))[0m
[0m[[0m[0mdebug[0m] [0m[0mClause(Atom(scoverage.ScoverageSbtPlugin),Set(Atom(sbt.plugins.JvmPlugin)))[0m
[0m[[0m[0mdebug[0m] [0m[0mClause(Atom(xerial.sbt.Sonatype),Set(Atom(sbt.plugins.JvmPlugin)))[0m
[0m[[0m[0mdebug[0m] [0m[0mClause(Atom(com.jsuereth.sbtpgp.SbtPgp),Set(Atom(sbt.plugins.IvyPlugin)))[0m
[0m[[0m[0mdebug[0m] [0m[0mClause(Atom(sbtmavenresolver.MavenResolverPlugin),Set(Atom(sbt.plugins.IvyPlugin)))[0m
[0m[[0m[0mdebug[0m] [0m[0mClause(Atom(sbt.plugins.CorePlugin),Set(Atom(sbt.plugins.IvyPlugin)))[0m
[0m[[0m[0mdebug[0m] [0m[0mClause(Atom(sbt.plugins.IvyPlugin),Set(Atom(sbt.plugins.JvmPlugin)))[0m
[0m[[0m[0mdebug[0m] [0m[0mClause(Atom(sbt.plugins.JvmPlugin),Set(Atom(sbt.plugins.SemanticdbPlugin)))[0m
[0m[[0m[0mdebug[0m] [0m[0mClause(Atom(sbt.plugins.JvmPlugin),Set(Atom(sbt.plugins.JUnitXmlReportPlugin)))[0m
[0m[[0m[0mdebug[0m] [0m[0mClause(Atom(sbt.plugins.CorePlugin),Set(Atom(sbt.plugins.Giter8TemplatePlugin)))[0m
[0m[[0m[0mdebug[0m] [0m[0mClause(Atom(sbt.plugins.JvmPlugin),Set(Atom(sbt.plugins.MiniDependencyTreePlugin)))[0m
[0m[[0m[0mdebug[0m] [0m[0mClause(Atom(sbt.plugins.JvmPlugin),Set(Atom(sbtassembly.AssemblyPlugin)))[0m
[0m[[0m[0mdebug[0m] [0m[0mClause(Atom(sbt.plugins.CorePlugin),Set(Atom(com.typesafe.sbt.GitPlugin)))[0m
[0m[[0m[0mdebug[0m] [0m[0mClause(Atom(sbt.plugins.JvmPlugin),Set(Atom(scoverage.ScoverageSbtPlugin)))[0m
[0m[[0m[0mdebug[0m] [0m[0mClause(Atom(sbt.plugins.JvmPlugin),Set(Atom(xerial.sbt.Sonatype)))[0m
[0m[[0m[0mdebug[0m] [0m[0mClause(Atom(sbt.plugins.IvyPlugin),Set(Atom(com.jsuereth.sbtpgp.SbtPgp)))[0m
[0m[[0m[0mdebug[0m] [0m[0mClause(Atom(sbt.plugins.IvyPlugin),Set(Atom(sbtmavenresolver.MavenResolverPlugin))))[0m
[0m[[0m[0mdebug[0m] [0m[0m  :: deduced result: Matched(sbt.plugins.CorePlugin,com.typesafe.sbt.GitPlugin,sbt.plugins.Giter8TemplatePlugin,sbt.plugins.IvyPlugin,sbtmavenresolver.MavenResolverPlugin,com.jsuereth.sbtpgp.SbtPgp,sbt.plugins.JvmPlugin,scoverage.ScoverageSbtPlugin,sbt.plugins.SemanticdbPlugin,sbt.plugins.JUnitXmlReportPlugin,sbtassembly.AssemblyPlugin,xerial.sbt.Sonatype,sbt.plugins.MiniDependencyTreePlugin)[0m
[0m[[0m[0mdebug[0m] [0m[0mPlugins.deducer#function took 3.24021 ms[0m
[0m[[0m[0mdebug[0m] [0m[0m      Load.resolveProject(polynote-env) took 1.802333ms[0m
[0m[[0m[0mdebug[0m] [0m[0m[Loading] Loading project polynote-kernel @ /home/east/prjct/polynote/polynote-kernel[0m
[0m[[0m[0mdebug[0m] [0m[0mdeducing auto plugins based on known facts Set(Atom(sbt.plugins.CorePlugin)) and clauses Clauses(Clause(Atom(sbt.plugins.JvmPlugin),Set(Atom(sbt.plugins.IvyPlugin)))[0m
[0m[[0m[0mdebug[0m] [0m[0mClause(Atom(sbt.ScriptedPlugin),Set(Atom(sbt.plugins.JvmPlugin)))[0m
[0m[[0m[0mdebug[0m] [0m[0mClause(Atom(sbt.plugins.SbtPlugin),Set(Atom(sbt.ScriptedPlugin)))[0m
[0m[[0m[0mdebug[0m] [0m[0mClause(Atom(sbt.plugins.SemanticdbPlugin),Set(Atom(sbt.plugins.JvmPlugin)))[0m
[0m[[0m[0mdebug[0m] [0m[0mClause(Atom(sbt.plugins.JUnitXmlReportPlugin),Set(Atom(sbt.plugins.JvmPlugin)))[0m
[0m[[0m[0mdebug[0m] [0m[0mClause(Atom(sbt.plugins.MiniDependencyTreePlugin),Set(Atom(sbt.plugins.JvmPlugin)))[0m
[0m[[0m[0mdebug[0m] [0m[0mClause(Atom(sbtassembly.AssemblyPlugin),Set(Atom(sbt.plugins.JvmPlugin)))[0m
[0m[[0m[0mdebug[0m] [0m[0mClause(Atom(sbtbuildinfo.BuildInfoPlugin),Set(Atom(sbt.plugins.JvmPlugin)))[0m
[0m[[0m[0mdebug[0m] [0m[0mClause(Atom(com.typesafe.sbt.GitBranchPrompt),Set(Atom(com.typesafe.sbt.GitPlugin)))[0m
[0m[[0m[0mdebug[0m] [0m[0mClause(Atom(com.typesafe.sbt.GitVersioning),Set(Atom(sbt.plugins.IvyPlugin)))[0m
[0m[[0m[0mdebug[0m] [0m[0mClause(Atom(com.typesafe.sbt.GitVersioning),Set(Atom(com.typesafe.sbt.GitPlugin)))[0m
[0m[[0m[0mdebug[0m] [0m[0mClause(Atom(scoverage.ScoverageSbtPlugin),Set(Atom(sbt.plugins.JvmPlugin)))[0m
[0m[[0m[0mdebug[0m] [0m[0mClause(Atom(xerial.sbt.Sonatype),Set(Atom(sbt.plugins.JvmPlugin)))[0m
[0m[[0m[0mdebug[0m] [0m[0mClause(Atom(com.jsuereth.sbtpgp.SbtPgp),Set(Atom(sbt.plugins.IvyPlugin)))[0m
[0m[[0m[0mdebug[0m] [0m[0mClause(Atom(sbtmavenresolver.MavenResolverPlugin),Set(Atom(sbt.plugins.IvyPlugin)))[0m
[0m[[0m[0mdebug[0m] [0m[0mClause(Atom(sbt.plugins.CorePlugin),Set(Atom(sbt.plugins.IvyPlugin)))[0m
[0m[[0m[0mdebug[0m] [0m[0mClause(Atom(sbt.plugins.IvyPlugin),Set(Atom(sbt.plugins.JvmPlugin)))[0m
[0m[[0m[0mdebug[0m] [0m[0mClause(Atom(sbt.plugins.JvmPlugin),Set(Atom(sbt.plugins.SemanticdbPlugin)))[0m
[0m[[0m[0mdebug[0m] [0m[0mClause(Atom(sbt.plugins.JvmPlugin),Set(Atom(sbt.plugins.JUnitXmlReportPlugin)))[0m
[0m[[0m[0mdebug[0m] [0m[0mClause(Atom(sbt.plugins.CorePlugin),Set(Atom(sbt.plugins.Giter8TemplatePlugin)))[0m
[0m[[0m[0mdebug[0m] [0m[0mClause(Atom(sbt.plugins.JvmPlugin),Set(Atom(sbt.plugins.MiniDependencyTreePlugin)))[0m
[0m[[0m[0mdebug[0m] [0m[0mClause(Atom(sbt.plugins.JvmPlugin),Set(Atom(sbtassembly.AssemblyPlugin)))[0m
[0m[[0m[0mdebug[0m] [0m[0mClause(Atom(sbt.plugins.CorePlugin),Set(Atom(com.typesafe.sbt.GitPlugin)))[0m
[0m[[0m[0mdebug[0m] [0m[0mClause(Atom(sbt.plugins.JvmPlugin),Set(Atom(scoverage.ScoverageSbtPlugin)))[0m
[0m[[0m[0mdebug[0m] [0m[0mClause(Atom(sbt.plugins.JvmPlugin),Set(Atom(xerial.sbt.Sonatype)))[0m
[0m[[0m[0mdebug[0m] [0m[0mClause(Atom(sbt.plugins.IvyPlugin),Set(Atom(com.jsuereth.sbtpgp.SbtPgp)))[0m
[0m[[0m[0mdebug[0m] [0m[0mClause(Atom(sbt.plugins.IvyPlugin),Set(Atom(sbtmavenresolver.MavenResolverPlugin))))[0m
[0m[[0m[0mdebug[0m] [0m[0m  :: deduced result: Matched(sbt.plugins.CorePlugin,com.typesafe.sbt.GitPlugin,sbt.plugins.Giter8TemplatePlugin,sbt.plugins.IvyPlugin,sbtmavenresolver.MavenResolverPlugin,com.jsuereth.sbtpgp.SbtPgp,sbt.plugins.JvmPlugin,scoverage.ScoverageSbtPlugin,sbt.plugins.SemanticdbPlugin,sbt.plugins.JUnitXmlReportPlugin,sbtassembly.AssemblyPlugin,xerial.sbt.Sonatype,sbt.plugins.MiniDependencyTreePlugin)[0m
[0m[[0m[0mdebug[0m] [0m[0mPlugins.deducer#function took 3.070737 ms[0m
[0m[[0m[0mdebug[0m] [0m[0m      Load.resolveProject(polynote-kernel) took 1.949091ms[0m
[0m[[0m[0mdebug[0m] [0m[0m[Loading] Loading project polynote-server @ /home/east/prjct/polynote/polynote-server[0m
[0m[[0m[0mdebug[0m] [0m[0mdeducing auto plugins based on known facts Set(Atom(sbt.plugins.CorePlugin)) and clauses Clauses(Clause(Atom(sbt.plugins.JvmPlugin),Set(Atom(sbt.plugins.IvyPlugin)))[0m
[0m[[0m[0mdebug[0m] [0m[0mClause(Atom(sbt.ScriptedPlugin),Set(Atom(sbt.plugins.JvmPlugin)))[0m
[0m[[0m[0mdebug[0m] [0m[0mClause(Atom(sbt.plugins.SbtPlugin),Set(Atom(sbt.ScriptedPlugin)))[0m
[0m[[0m[0mdebug[0m] [0m[0mClause(Atom(sbt.plugins.SemanticdbPlugin),Set(Atom(sbt.plugins.JvmPlugin)))[0m
[0m[[0m[0mdebug[0m] [0m[0mClause(Atom(sbt.plugins.JUnitXmlReportPlugin),Set(Atom(sbt.plugins.JvmPlugin)))[0m
[0m[[0m[0mdebug[0m] [0m[0mClause(Atom(sbt.plugins.MiniDependencyTreePlugin),Set(Atom(sbt.plugins.JvmPlugin)))[0m
[0m[[0m[0mdebug[0m] [0m[0mClause(Atom(sbtassembly.AssemblyPlugin),Set(Atom(sbt.plugins.JvmPlugin)))[0m
[0m[[0m[0mdebug[0m] [0m[0mClause(Atom(sbtbuildinfo.BuildInfoPlugin),Set(Atom(sbt.plugins.JvmPlugin)))[0m
[0m[[0m[0mdebug[0m] [0m[0mClause(Atom(com.typesafe.sbt.GitBranchPrompt),Set(Atom(com.typesafe.sbt.GitPlugin)))[0m
[0m[[0m[0mdebug[0m] [0m[0mClause(Atom(com.typesafe.sbt.GitVersioning),Set(Atom(sbt.plugins.IvyPlugin)))[0m
[0m[[0m[0mdebug[0m] [0m[0mClause(Atom(com.typesafe.sbt.GitVersioning),Set(Atom(com.typesafe.sbt.GitPlugin)))[0m
[0m[[0m[0mdebug[0m] [0m[0mClause(Atom(scoverage.ScoverageSbtPlugin),Set(Atom(sbt.plugins.JvmPlugin)))[0m
[0m[[0m[0mdebug[0m] [0m[0mClause(Atom(xerial.sbt.Sonatype),Set(Atom(sbt.plugins.JvmPlugin)))[0m
[0m[[0m[0mdebug[0m] [0m[0mClause(Atom(com.jsuereth.sbtpgp.SbtPgp),Set(Atom(sbt.plugins.IvyPlugin)))[0m
[0m[[0m[0mdebug[0m] [0m[0mClause(Atom(sbtmavenresolver.MavenResolverPlugin),Set(Atom(sbt.plugins.IvyPlugin)))[0m
[0m[[0m[0mdebug[0m] [0m[0mClause(Atom(sbt.plugins.CorePlugin),Set(Atom(sbt.plugins.IvyPlugin)))[0m
[0m[[0m[0mdebug[0m] [0m[0mClause(Atom(sbt.plugins.IvyPlugin),Set(Atom(sbt.plugins.JvmPlugin)))[0m
[0m[[0m[0mdebug[0m] [0m[0mClause(Atom(sbt.plugins.JvmPlugin),Set(Atom(sbt.plugins.SemanticdbPlugin)))[0m
[0m[[0m[0mdebug[0m] [0m[0mClause(Atom(sbt.plugins.JvmPlugin),Set(Atom(sbt.plugins.JUnitXmlReportPlugin)))[0m
[0m[[0m[0mdebug[0m] [0m[0mClause(Atom(sbt.plugins.CorePlugin),Set(Atom(sbt.plugins.Giter8TemplatePlugin)))[0m
[0m[[0m[0mdebug[0m] [0m[0mClause(Atom(sbt.plugins.JvmPlugin),Set(Atom(sbt.plugins.MiniDependencyTreePlugin)))[0m
[0m[[0m[0mdebug[0m] [0m[0mClause(Atom(sbt.plugins.JvmPlugin),Set(Atom(sbtassembly.AssemblyPlugin)))[0m
[0m[[0m[0mdebug[0m] [0m[0mClause(Atom(sbt.plugins.CorePlugin),Set(Atom(com.typesafe.sbt.GitPlugin)))[0m
[0m[[0m[0mdebug[0m] [0m[0mClause(Atom(sbt.plugins.JvmPlugin),Set(Atom(scoverage.ScoverageSbtPlugin)))[0m
[0m[[0m[0mdebug[0m] [0m[0mClause(Atom(sbt.plugins.JvmPlugin),Set(Atom(xerial.sbt.Sonatype)))[0m
[0m[[0m[0mdebug[0m] [0m[0mClause(Atom(sbt.plugins.IvyPlugin),Set(Atom(com.jsuereth.sbtpgp.SbtPgp)))[0m
[0m[[0m[0mdebug[0m] [0m[0mClause(Atom(sbt.plugins.IvyPlugin),Set(Atom(sbtmavenresolver.MavenResolverPlugin))))[0m
[0m[[0m[0mdebug[0m] [0m[0m  :: deduced result: Matched(sbt.plugins.CorePlugin,com.typesafe.sbt.GitPlugin,sbt.plugins.Giter8TemplatePlugin,sbt.plugins.IvyPlugin,sbtmavenresolver.MavenResolverPlugin,com.jsuereth.sbtpgp.SbtPgp,sbt.plugins.JvmPlugin,scoverage.ScoverageSbtPlugin,sbt.plugins.SemanticdbPlugin,sbt.plugins.JUnitXmlReportPlugin,sbtassembly.AssemblyPlugin,xerial.sbt.Sonatype,sbt.plugins.MiniDependencyTreePlugin)[0m
[0m[[0m[0mdebug[0m] [0m[0mPlugins.deducer#function took 2.655519 ms[0m
[0m[[0m[0mdebug[0m] [0m[0m      Load.resolveProject(polynote-server) took 1.411472ms[0m
[0m[[0m[0mdebug[0m] [0m[0m[Loading] Done in /home/east/prjct/polynote, returning: (polynote, polynote-macros, polynote-runtime, polynote-spark-runtime, polynote-spark, polynote-env, polynote-kernel, polynote-server)[0m
[0m[[0m[0mdebug[0m] [0m[0m    Load.loadUnit: loadedProjectsRaw took 8318.101743ms[0m
[0m[[0m[0mdebug[0m] [0m[0m    Load.loadUnit: cleanEvalClasses took 0.713321ms[0m
[0m[[0m[0mdebug[0m] [0m[0m  Load.loadUnit(file:/home/east/prjct/polynote/, ...) took 11997.357986ms[0m
[0m[[0m[0mdebug[0m] [0m[0mLoad.apply: load took 12033.453893ms[0m
[0m[[0m[0mdebug[0m] [0m[0mLoad.apply: resolveProjects took 1.770298ms[0m
[0m[[0m[0mdebug[0m] [0m[0mLoad.apply: finalTransforms took 82.015626ms[0m
[0m[[0m[0mdebug[0m] [0m[0mLoad.apply: config.delegates took 2.863209ms[0m
[0m[[0m[0mdebug[0m] [0m[0mLoad.apply: Def.make(settings)... took 1526.358953ms[0m
[0m[[0m[0mdebug[0m] [0m[0mLoad.apply: structureIndex took 259.774041ms[0m
[0m[[0m[0mdebug[0m] [0m[0mLoad.apply: mkStreams took 0.004383ms[0m
[0m[[0m[0minfo[0m] [0m[0mset current project to polynote (in build file:/home/east/prjct/polynote/)[0m
[0m[[0m[33mwarn[0m] [0m[0mthere are 14 keys that are not used by any other settings/tasks:[0m
[0m[[0m[33mwarn[0m] [0m[0m [0m
[0m[[0m[33mwarn[0m] [0m[0m* polynote / circeVersion[0m
[0m[[0m[33mwarn[0m] [0m[0m  +- /home/east/prjct/polynote/build.sbt:121[0m
[0m[[0m[33mwarn[0m] [0m[0m* polynote / circeYamlVersion[0m
[0m[[0m[33mwarn[0m] [0m[0m  +- /home/east/prjct/polynote/build.sbt:122[0m
[0m[[0m[33mwarn[0m] [0m[0m* polynote-env / circeVersion[0m
[0m[[0m[33mwarn[0m] [0m[0m  +- /home/east/prjct/polynote/build.sbt:121[0m
[0m[[0m[33mwarn[0m] [0m[0m* polynote-env / circeYamlVersion[0m
[0m[[0m[33mwarn[0m] [0m[0m  +- /home/east/prjct/polynote/build.sbt:122[0m
[0m[[0m[33mwarn[0m] [0m[0m* polynote-macros / circeVersion[0m
[0m[[0m[33mwarn[0m] [0m[0m  +- /home/east/prjct/polynote/build.sbt:121[0m
[0m[[0m[33mwarn[0m] [0m[0m* polynote-macros / circeYamlVersion[0m
[0m[[0m[33mwarn[0m] [0m[0m  +- /home/east/prjct/polynote/build.sbt:122[0m
[0m[[0m[33mwarn[0m] [0m[0m* polynote-runtime / circeVersion[0m
[0m[[0m[33mwarn[0m] [0m[0m  +- /home/east/prjct/polynote/build.sbt:121[0m
[0m[[0m[33mwarn[0m] [0m[0m* polynote-runtime / circeYamlVersion[0m
[0m[[0m[33mwarn[0m] [0m[0m  +- /home/east/prjct/polynote/build.sbt:122[0m
[0m[[0m[33mwarn[0m] [0m[0m* polynote-server / circeVersion[0m
[0m[[0m[33mwarn[0m] [0m[0m  +- /home/east/prjct/polynote/build.sbt:121[0m
[0m[[0m[33mwarn[0m] [0m[0m* polynote-server / circeYamlVersion[0m
[0m[[0m[33mwarn[0m] [0m[0m  +- /home/east/prjct/polynote/build.sbt:122[0m
[0m[[0m[33mwarn[0m] [0m[0m* polynote-spark / circeVersion[0m
[0m[[0m[33mwarn[0m] [0m[0m  +- /home/east/prjct/polynote/build.sbt:121[0m
[0m[[0m[33mwarn[0m] [0m[0m* polynote-spark / circeYamlVersion[0m
[0m[[0m[33mwarn[0m] [0m[0m  +- /home/east/prjct/polynote/build.sbt:122[0m
[0m[[0m[33mwarn[0m] [0m[0m* polynote-spark-runtime / circeVersion[0m
[0m[[0m[33mwarn[0m] [0m[0m  +- /home/east/prjct/polynote/build.sbt:121[0m
[0m[[0m[33mwarn[0m] [0m[0m* polynote-spark-runtime / circeYamlVersion[0m
[0m[[0m[33mwarn[0m] [0m[0m  +- /home/east/prjct/polynote/build.sbt:122[0m
[0m[[0m[33mwarn[0m] [0m[0m [0m
[0m[[0m[33mwarn[0m] [0m[0mnote: a setting might still be used by a command; to exclude a key from this `lintUnused` check[0m
[0m[[0m[33mwarn[0m] [0m[0meither append it to `Global / excludeLintKeys` or call .withRank(KeyRanks.Invisible) on the key[0m
[0m[[0m[0mdebug[0m] [0m[0m> Exec(sbtPopOnFailure, None, None)[0m
[0m[[0m[0mdebug[0m] [0m[0m> Exec(resumeFromFailure, None, None)[0m
[0m[[0m[0mdebug[0m] [0m[0m> Exec(notifyUsersAboutShell, None, None)[0m
[0m[[0m[0mdebug[0m] [0m[0m> Exec(iflast shell, None, None)[0m
[0m[[0m[0mdebug[0m] [0m[0m> Exec(assembly, None, None)[0m
[0m[[0m[0mdebug[0m] [0m[0mEvaluating tasks: polynote-spark / assembly, polynote-env / assembly, polynote-spark-runtime / assembly, polynote-kernel / assembly, polynote-runtime / assembly, polynote-server / assembly, assembly[0m
[0m[[0m[0mdebug[0m] [0m[0mRunning task... Cancel: Signal, check cycles: false, forcegc: true[0m
[0m[[0m[0minfo[0m] [0m[0mBuilt: /home/east/prjct/polynote/target/scala-2.12/polynote-assembly-0.6.1.jar[0m
[0m[[0m[0minfo[0m] [0m[0mJar hash: 5f3271937510b96e9452bcfbf70952a725a6f3dd[0m
[0m[[0m[0minfo[0m] [0m[0mcompiling 5 Scala sources to /home/east/prjct/polynote/polynote-env/target/scala-2.12/classes ...[0m
[0m[[0m[0minfo[0m] [0m[0mNon-compiled module 'compiler-bridge_2.12' for Scala 2.12.15. Compiling...[0m
[0m[[0m[0minfo[0m] [0m[0m  Compilation completed in 10.861s.[0m
[0m[[0m[31merror[0m] [0m[0m-release is only supported on Java 9 and higher[0m
[0m[[0m[0minfo[0m] [0m[0mcompiling 1 Scala source to /home/east/prjct/polynote/polynote-macros/target/scala-2.12/classes ...[0m
[0m[[0m[31merror[0m] [0m[0m-release is only supported on Java 9 and higher[0m
[0m[[0m[0minfo[0m] [0m[0mcompiling 13 Scala sources and 1 Java source to /home/east/prjct/polynote/polynote-runtime/target/scala-2.12/classes ...[0m
[0m[[0m[31merror[0m] [0m[0m-release is only supported on Java 9 and higher[0m
[0m[[0m[0minfo[0m] [0m[0m5 file(s) merged using strategy 'Discard' (Run the task at debug level to see the details)[0m
[0m[[0m[0minfo[0m] [0m[0mBuilt: /home/east/prjct/polynote/polynote-env/target/scala-2.12/polynote-env-assembly-0.6.1.jar[0m
[0m[[0m[0minfo[0m] [0m[0mJar hash: f5fe327a29741918f4e515dbb2127c0bf7058348[0m
[0m[[0m[33mwarn[0m] [0m[0mone feature warning; re-run with -feature for details[0m
[0m[[0m[33mwarn[0m] [0m[0mone warning found[0m
[0m[[0m[0minfo[0m] [0m[0m1 file(s) merged using strategy 'Discard' (Run the task at debug level to see the details)[0m
[0m[[0m[0minfo[0m] [0m[0mBuilt: /home/east/prjct/polynote/polynote-runtime/target/scala-2.12/polynote-runtime-assembly-0.6.1.jar[0m
[0m[[0m[0minfo[0m] [0m[0mJar hash: 28e2140b2836c105162c6ca24238f9929b73b753[0m
[0m[[0m[33mwarn[0m] [0m[0mCanceling execution...[0m
[0m[[0m[0minfo[0m] [0m[0mFailed to read descriptor dependency: org.typelevel#cats-core_2.12;2.10.0 {compile=[compile(*), master(compile)], runtime=[runtime(*)]} from public, Failed to read artifact descriptor for org.typelevel:cats-core_2.12:jar:2.10.0[0m
[0m[[0m[0minfo[0m] [0m[0mFailed to read descriptor dependency: org.typelevel#cats-core_2.12;2.10.0 {compile=[compile(*), master(compile)], runtime=[runtime(*)]} from local-preloaded, Failed to read artifact descriptor for org.typelevel:cats-core_2.12:jar:2.10.0[0m
[0m[[0m[33mwarn[0m] [0m[0m	module not found: org.typelevel#cats-core_2.12;2.10.0[0m
[0m[[0m[33mwarn[0m] [0m[0m==== local: tried[0m
[0m[[0m[33mwarn[0m] [0m[0m  /home/east/.ivy2/local/org.typelevel/cats-core_2.12/2.10.0/ivys/ivy.xml[0m
[0m[[0m[33mwarn[0m] [0m[0m==== local-preloaded-ivy: tried[0m
[0m[[0m[33mwarn[0m] [0m[0m  /home/east/.sbt/preloaded/org.typelevel/cats-core_2.12/2.10.0/ivys/ivy.xml[0m
[0m[[0m[0minfo[0m] [0m[0mFailed to read descriptor dependency: org.yaml#snakeyaml;2.2 {compile=[compile(*), master(compile)], runtime=[runtime(*)]} from public, Failed to read artifact descriptor for org.yaml:snakeyaml:jar:2.2[0m
[0m[[0m[0minfo[0m] [0m[0mFailed to read descriptor dependency: org.yaml#snakeyaml;2.2 {compile=[compile(*), master(compile)], runtime=[runtime(*)]} from local-preloaded, Failed to read artifact descriptor for org.yaml:snakeyaml:jar:2.2[0m
[0m[[0m[33mwarn[0m] [0m[0m	module not found: org.yaml#snakeyaml;2.2[0m
[0m[[0m[33mwarn[0m] [0m[0m==== local: tried[0m
[0m[[0m[33mwarn[0m] [0m[0m  /home/east/.ivy2/local/org.yaml/snakeyaml/2.2/ivys/ivy.xml[0m
[0m[[0m[33mwarn[0m] [0m[0m==== local-preloaded-ivy: tried[0m
[0m[[0m[33mwarn[0m] [0m[0m  /home/east/.sbt/preloaded/org.yaml/snakeyaml/2.2/ivys/ivy.xml[0m
[0m[[0m[33mwarn[0m] [0m[0mCanceling execution...[0m
[0m[[0m[0minfo[0m] [0m[0mFailed to read descriptor dependency: io.circe#circe-generic_2.12;0.14.3 {compile=[default(compile)]} from public, Failed to read artifact descriptor for io.circe:circe-generic_2.12:jar:0.14.3[0m
[0m[[0m[0minfo[0m] [0m[0mFailed to read descriptor dependency: io.circe#circe-generic_2.12;0.14.3 {compile=[default(compile)]} from local-preloaded, Failed to read artifact descriptor for io.circe:circe-generic_2.12:jar:0.14.3[0m
[0m[[0m[33mwarn[0m] [0m[0m	module not found: io.circe#circe-generic_2.12;0.14.3[0m
[0m[[0m[33mwarn[0m] [0m[0m==== local: tried[0m
[0m[[0m[33mwarn[0m] [0m[0m  /home/east/.ivy2/local/io.circe/circe-generic_2.12/0.14.3/ivys/ivy.xml[0m
[0m[[0m[33mwarn[0m] [0m[0m==== local-preloaded-ivy: tried[0m
[0m[[0m[33mwarn[0m] [0m[0m  /home/east/.sbt/preloaded/io.circe/circe-generic_2.12/0.14.3/ivys/ivy.xml[0m
[0m[[0m[33mwarn[0m] [0m[0mCanceling execution...[0m
[0m[[0m[0minfo[0m] [0m[0mFailed to read descriptor dependency: io.circe#circe-generic-extras_2.12;0.14.3 {compile=[default(compile)]} from public, Failed to read artifact descriptor for io.circe:circe-generic-extras_2.12:jar:0.14.3[0m
[0m[[0m[0minfo[0m] [0m[0mFailed to read descriptor dependency: io.circe#circe-generic-extras_2.12;0.14.3 {compile=[default(compile)]} from local-preloaded, Failed to read artifact descriptor for io.circe:circe-generic-extras_2.12:jar:0.14.3[0m
[0m[[0m[33mwarn[0m] [0m[0m	module not found: io.circe#circe-generic-extras_2.12;0.14.3[0m
[0m[[0m[33mwarn[0m] [0m[0m==== local: tried[0m
[0m[[0m[33mwarn[0m] [0m[0m  /home/east/.ivy2/local/io.circe/circe-generic-extras_2.12/0.14.3/ivys/ivy.xml[0m
[0m[[0m[33mwarn[0m] [0m[0m==== local-preloaded-ivy: tried[0m
[0m[[0m[33mwarn[0m] [0m[0m  /home/east/.sbt/preloaded/io.circe/circe-generic-extras_2.12/0.14.3/ivys/ivy.xml[0m
[0m[[0m[0minfo[0m] [0m[0mFailed to read descriptor dependency: io.circe#circe-parser_2.12;0.14.3 {compile=[default(compile)]} from public, Failed to read artifact descriptor for io.circe:circe-parser_2.12:jar:0.14.3[0m
[0m[[0m[0minfo[0m] [0m[0mFailed to read descriptor dependency: io.circe#circe-parser_2.12;0.14.3 {compile=[default(compile)]} from local-preloaded, Failed to read artifact descriptor for io.circe:circe-parser_2.12:jar:0.14.3[0m
[0m[[0m[33mwarn[0m] [0m[0m	module not found: io.circe#circe-parser_2.12;0.14.3[0m
[0m[[0m[33mwarn[0m] [0m[0m==== local: tried[0m
[0m[[0m[33mwarn[0m] [0m[0m  /home/east/.ivy2/local/io.circe/circe-parser_2.12/0.14.3/ivys/ivy.xml[0m
[0m[[0m[33mwarn[0m] [0m[0m==== local-preloaded-ivy: tried[0m
[0m[[0m[33mwarn[0m] [0m[0m  /home/east/.sbt/preloaded/io.circe/circe-parser_2.12/0.14.3/ivys/ivy.xml[0m
[0m[[0m[0minfo[0m] [0m[0mFailed to read descriptor dependency: net.sf.py4j#py4j;0.10.7 {compile=[default(compile)]} from public, Failed to read artifact descriptor for net.sf.py4j:py4j:jar:0.10.7[0m
[0m[[0m[0minfo[0m] [0m[0mFailed to read descriptor dependency: net.sf.py4j#py4j;0.10.7 {compile=[default(compile)]} from local-preloaded, Failed to read artifact descriptor for net.sf.py4j:py4j:jar:0.10.7[0m
[0m[[0m[33mwarn[0m] [0m[0m	module not found: net.sf.py4j#py4j;0.10.7[0m
[0m[[0m[33mwarn[0m] [0m[0m==== local: tried[0m
[0m[[0m[33mwarn[0m] [0m[0m  /home/east/.ivy2/local/net.sf.py4j/py4j/0.10.7/ivys/ivy.xml[0m
[0m[[0m[33mwarn[0m] [0m[0m==== local-preloaded-ivy: tried[0m
[0m[[0m[33mwarn[0m] [0m[0m  /home/east/.sbt/preloaded/net.sf.py4j/py4j/0.10.7/ivys/ivy.xml[0m
[0m[[0m[33mwarn[0m] [0m[0mCanceling execution...[0m
[0m[[0m[0minfo[0m] [0m[0mFailed to read descriptor dependency: com.github.javaparser#javaparser-core;3.25.5 {compile=[default(compile)]} from public, Failed to read artifact descriptor for com.github.javaparser:javaparser-core:jar:3.25.5[0m
[0m[[0m[0minfo[0m] [0m[0mFailed to read descriptor dependency: com.github.javaparser#javaparser-core;3.25.5 {compile=[default(compile)]} from local-preloaded, Failed to read artifact descriptor for com.github.javaparser:javaparser-core:jar:3.25.5[0m
[0m[[0m[33mwarn[0m] [0m[0m	module not found: com.github.javaparser#javaparser-core;3.25.5[0m
[0m[[0m[33mwarn[0m] [0m[0m==== local: tried[0m
[0m[[0m[33mwarn[0m] [0m[0m  /home/east/.ivy2/local/com.github.javaparser/javaparser-core/3.25.5/ivys/ivy.xml[0m
[0m[[0m[33mwarn[0m] [0m[0m==== local-preloaded-ivy: tried[0m
[0m[[0m[33mwarn[0m] [0m[0m  /home/east/.sbt/preloaded/com.github.javaparser/javaparser-core/3.25.5/ivys/ivy.xml[0m
[0m[[0m[0minfo[0m] [0m[0mFailed to read descriptor dependency: com.github.javaparser#javaparser-symbol-solver-core;3.25.5 {compile=[default(compile)]} from public, Failed to read artifact descriptor for com.github.javaparser:javaparser-symbol-solver-core:jar:3.25.5[0m
[0m[[0m[0minfo[0m] [0m[0mFailed to read descriptor dependency: com.github.javaparser#javaparser-symbol-solver-core;3.25.5 {compile=[default(compile)]} from local-preloaded, Failed to read artifact descriptor for com.github.javaparser:javaparser-symbol-solver-core:jar:3.25.5[0m
[0m[[0m[33mwarn[0m] [0m[0m	module not found: com.github.javaparser#javaparser-symbol-solver-core;3.25.5[0m
[0m[[0m[33mwarn[0m] [0m[0m==== local: tried[0m
[0m[[0m[33mwarn[0m] [0m[0m  /home/east/.ivy2/local/com.github.javaparser/javaparser-symbol-solver-core/3.25.5/ivys/ivy.xml[0m
[0m[[0m[33mwarn[0m] [0m[0m==== local-preloaded-ivy: tried[0m
[0m[[0m[33mwarn[0m] [0m[0m  /home/east/.sbt/preloaded/com.github.javaparser/javaparser-symbol-solver-core/3.25.5/ivys/ivy.xml[0m
